3.775000000000000000e+03 2.000000000000000111e-01
3.775000000000000000e+03 2.000000000000000111e-01
3.775000000000000000e+03 2.000000000000000111e-01
3.776000000000000000e+03 2.000000000000000111e-01
3.776000000000000000e+03 2.000000000000000111e-01
3.776000000000000000e+03 2.000000000000000111e-01
3.776000000000000000e+03 2.000000000000000111e-01
3.777000000000000000e+03 2.999999999999999889e-01
3.777000000000000000e+03 2.999999999999999889e-01
3.777000000000000000e+03 2.999999999999999889e-01
3.778000000000000000e+03 2.999999999999999889e-01
3.778000000000000000e+03 2.999999999999999889e-01
3.778000000000000000e+03 2.999999999999999889e-01
3.778000000000000000e+03 2.999999999999999889e-01
3.779000000000000000e+03 4.000000000000000222e-01
3.779000000000000000e+03 4.000000000000000222e-01
3.779000000000000000e+03 4.000000000000000222e-01
3.780000000000000000e+03 4.000000000000000222e-01
3.780000000000000000e+03 4.000000000000000222e-01
3.780000000000000000e+03 4.000000000000000222e-01
3.780000000000000000e+03 4.000000000000000222e-01
3.781000000000000000e+03 4.000000000000000222e-01
3.781000000000000000e+03 4.000000000000000222e-01
3.781000000000000000e+03 2.999999999999999889e-01
3.781000000000000000e+03 2.999999999999999889e-01
3.782000000000000000e+03 2.999999999999999889e-01
3.782000000000000000e+03 2.999999999999999889e-01
3.782000000000000000e+03 2.999999999999999889e-01
3.783000000000000000e+03 2.999999999999999889e-01
3.783000000000000000e+03 2.999999999999999889e-01
3.783000000000000000e+03 2.999999999999999889e-01
3.783000000000000000e+03 2.999999999999999889e-01
3.784000000000000000e+03 2.999999999999999889e-01
3.784000000000000000e+03 2.999999999999999889e-01
3.784000000000000000e+03 2.999999999999999889e-01
3.785000000000000000e+03 2.999999999999999889e-01
3.785000000000000000e+03 2.999999999999999889e-01
3.785000000000000000e+03 2.999999999999999889e-01
3.786000000000000000e+03 2.999999999999999889e-01
3.786000000000000000e+03 2.999999999999999889e-01
3.786000000000000000e+03 2.999999999999999889e-01
3.786000000000000000e+03 2.999999999999999889e-01
3.787000000000000000e+03 2.999999999999999889e-01
3.787000000000000000e+03 2.999999999999999889e-01
3.787000000000000000e+03 2.999999999999999889e-01
3.788000000000000000e+03 2.999999999999999889e-01
3.788000000000000000e+03 2.999999999999999889e-01
3.788000000000000000e+03 2.999999999999999889e-01
3.788000000000000000e+03 2.999999999999999889e-01
3.789000000000000000e+03 2.999999999999999889e-01
3.789000000000000000e+03 2.336999999999999886e+02
3.789000000000000000e+03 4.839999999999999858e+01
3.790000000000000000e+03 4.660000000000000142e+01
3.790000000000000000e+03 4.270000000000000284e+01
3.790000000000000000e+03 3.750000000000000000e+01
3.791000000000000000e+03 3.220000000000000284e+01
3.791000000000000000e+03 2.650000000000000000e+01
3.791000000000000000e+03 2.189999999999999858e+01
3.791000000000000000e+03 1.750000000000000000e+01
3.792000000000000000e+03 1.400000000000000000e+01
3.792000000000000000e+03 1.150000000000000000e+01
3.792000000000000000e+03 9.500000000000000000e+00
3.793000000000000000e+03 7.799999999999999822e+00
3.793000000000000000e+03 6.500000000000000000e+00
3.793000000000000000e+03 5.299999999999999822e+00
3.794000000000000000e+03 5.000000000000000000e+00
3.794000000000000000e+03 4.400000000000000355e+00
3.794000000000000000e+03 3.600000000000000089e+00
3.794000000000000000e+03 3.399999999999999911e+00
3.795000000000000000e+03 3.299999999999999822e+00
3.795000000000000000e+03 3.100000000000000089e+00
3.795000000000000000e+03 2.899999999999999911e+00
3.796000000000000000e+03 2.700000000000000178e+00
3.796000000000000000e+03 2.700000000000000178e+00
3.796000000000000000e+03 2.600000000000000089e+00
3.796000000000000000e+03 2.500000000000000000e+00
3.797000000000000000e+03 2.299999999999999822e+00
3.797000000000000000e+03 2.299999999999999822e+00
3.797000000000000000e+03 2.200000000000000178e+00
3.798000000000000000e+03 2.100000000000000089e+00
3.798000000000000000e+03 2.100000000000000089e+00
3.798000000000000000e+03 2.000000000000000000e+00
3.798000000000000000e+03 1.899999999999999911e+00
3.799000000000000000e+03 1.800000000000000044e+00
3.799000000000000000e+03 1.800000000000000044e+00
3.799000000000000000e+03 1.800000000000000044e+00
3.800000000000000000e+03 1.699999999999999956e+00
3.800000000000000000e+03 1.699999999999999956e+00
3.800000000000000000e+03 1.600000000000000089e+00
3.800000000000000000e+03 1.600000000000000089e+00
3.801000000000000000e+03 1.500000000000000000e+00
3.801000000000000000e+03 1.500000000000000000e+00
3.801000000000000000e+03 1.399999999999999911e+00
3.801000000000000000e+03 1.300000000000000044e+00
3.802000000000000000e+03 1.199999999999999956e+00
3.802000000000000000e+03 1.100000000000000089e+00
3.802000000000000000e+03 1.000000000000000000e+00
3.803000000000000000e+03 9.000000000000000222e-01
3.803000000000000000e+03 8.000000000000000444e-01
3.803000000000000000e+03 6.999999999999999556e-01
3.803000000000000000e+03 5.999999999999999778e-01
3.804000000000000000e+03 5.000000000000000000e-01
3.804000000000000000e+03 4.000000000000000222e-01
3.804000000000000000e+03 4.000000000000000222e-01
3.805000000000000000e+03 2.999999999999999889e-01
3.805000000000000000e+03 2.000000000000000111e-01
3.805000000000000000e+03 2.000000000000000111e-01
3.805000000000000000e+03 2.000000000000000111e-01
3.806000000000000000e+03 1.000000000000000056e-01
3.806000000000000000e+03 1.000000000000000056e-01
3.806000000000000000e+03 1.000000000000000056e-01
3.806000000000000000e+03 0.000000000000000000e+00
3.807000000000000000e+03 0.000000000000000000e+00
3.807000000000000000e+03 -0.000000000000000000e+00
3.807000000000000000e+03 -0.000000000000000000e+00
3.808000000000000000e+03 -1.000000000000000056e-01
3.808000000000000000e+03 -1.000000000000000056e-01
3.808000000000000000e+03 -1.000000000000000056e-01
3.808000000000000000e+03 -1.000000000000000056e-01
3.809000000000000000e+03 -1.000000000000000056e-01
3.809000000000000000e+03 -1.000000000000000056e-01
3.809000000000000000e+03 -1.000000000000000056e-01
3.810000000000000000e+03 -1.000000000000000056e-01
3.810000000000000000e+03 -1.000000000000000056e-01
3.810000000000000000e+03 -1.000000000000000056e-01
3.810000000000000000e+03 -1.000000000000000056e-01
3.811000000000000000e+03 -1.000000000000000056e-01
3.811000000000000000e+03 -2.000000000000000111e-01
3.811000000000000000e+03 -2.000000000000000111e-01
3.811000000000000000e+03 -2.000000000000000111e-01
3.812000000000000000e+03 -2.000000000000000111e-01
3.812000000000000000e+03 -1.000000000000000056e-01
3.812000000000000000e+03 -1.000000000000000056e-01
3.813000000000000000e+03 -1.000000000000000056e-01
3.813000000000000000e+03 -1.000000000000000056e-01
3.813000000000000000e+03 -2.000000000000000111e-01
3.813000000000000000e+03 -2.000000000000000111e-01
3.814000000000000000e+03 -2.000000000000000111e-01
3.814000000000000000e+03 -2.000000000000000111e-01
3.814000000000000000e+03 -2.000000000000000111e-01
3.814000000000000000e+03 -2.000000000000000111e-01
3.815000000000000000e+03 -2.000000000000000111e-01
3.815000000000000000e+03 -2.000000000000000111e-01
3.815000000000000000e+03 -2.000000000000000111e-01
3.816000000000000000e+03 -2.000000000000000111e-01
3.816000000000000000e+03 -2.000000000000000111e-01
3.816000000000000000e+03 -2.000000000000000111e-01
3.816000000000000000e+03 -1.000000000000000056e-01
3.817000000000000000e+03 -1.000000000000000056e-01
3.817000000000000000e+03 -2.000000000000000111e-01
3.817000000000000000e+03 -2.000000000000000111e-01
3.818000000000000000e+03 -2.000000000000000111e-01
3.818000000000000000e+03 -2.999999999999999889e-01
3.818000000000000000e+03 -2.999999999999999889e-01
3.818000000000000000e+03 -2.999999999999999889e-01
3.819000000000000000e+03 -2.999999999999999889e-01
3.819000000000000000e+03 -2.999999999999999889e-01
3.819000000000000000e+03 -2.999999999999999889e-01
3.820000000000000000e+03 -2.999999999999999889e-01
3.820000000000000000e+03 -2.999999999999999889e-01
3.820000000000000000e+03 -2.999999999999999889e-01
3.820000000000000000e+03 -2.999999999999999889e-01
